[Header]
Version=100

[16 Characters Mnemonics]
Address1=
Address2=
Address3=
Address4=
Address5=
Address6=
Address7=
Address8=
Address9=
Address10=
Address11=
Address12=
Address13=
Address14=
Address15=
Address16=
Address17=
Address18=
Address19=
Address20=

[40 Characters Mnemonics]
Address1=
Address2=
Address3=
Address4=
Address5=
Address6=
Address7=
Address8=
Address9=
Address10=

[Report1]
File=1
Device=3
Title=Like Standard
Item1=2,1,1,8,1,4,0,4,1,1,0,0,0,0,0,0,0,0,0
Item2=2,1,30,13,0,4,0,2,1,0,0,0,0,0,0,0,0,0,0
Item3=2,2,1,8,1,4,0,4,1,2,0,0,0,0,0,0,0,0,0
Item4=2,2,30,13,0,4,0,2,2,0,0,0,0,0,0,0,0,0,0
Item5=3,3,1,1,1,0,1,5,2,9,0,0,0,0,0,0
Item6=3,3,2,1,1,0,1,5,1,9,0,0,0,0,0,0
Item7=1,4,1,0,1,2
Item8=2,4,16,2,2,1,0,1,2,0,0,0,0,0,0,0,0,0,0
Item9=2,4,19,8,1,4,0,4,5,0,0,0,0,0,0,0,0,0,0
Item10=3,5,1,1,1,0,1,5,2,10,0,0,0,0,0,0
Item11=3,5,2,1,1,0,1,5,1,10,0,0,0,0,0,0
Item12=1,6,2,1,1,1
Item13=2,6,1,4,2,9,10,1,1,0,0,2,3,0,1,2,3,0,2
Item14=2,6,7,12,1,4,10,3,1,0,0,2,3,0,1,2,3,0,2
Item15=3,6,20,1,1,0,1,5,1,1,0,100000,0,0,0,0
Item16=3,6,21,1,0,0,4,5,1,1,0,2,3,0,1,5,1,1,1
Item17=3,6,22,1,0,0,5,5,1,1,0,5,1,1,1,2,4,0,1
Item18=3,6,23,1,1,0,2,5,1,1,0,5,5,1,1,1
Item19=3,6,24,1,1,0,1,5,1,2,0,10,0,0,0,0
Item20=3,6,25,1,0,0,5,5,1,1,0,5,1,1,1,5,1,2,1
Item21=2,6,30,13,36,1,10,5,1,1,1,2,3,0,1,2,3,0,2
Item22=3,7,1,1,0,0,2,5,2,10,0,5,2,10,2,2,3,0,2
Item23=3,7,2,1,0,0,2,5,1,10,0,5,1,10,1,2,3,0,1
Item24=2,7,22,6,2,1,10,2,3,0,2,2,3,0,1,2,3,0,2
Item25=2,7,32,11,4,1,10,2,3,0,1,2,3,0,1,2,3,0,2
Item26=1,7,-2,1,1,1
Item27=2,8,1,8,1,4,10,4,1,77,0,5,1,10,1,5,2,10,2
Item28=2,8,22,6,2,1,10,5,2,10,2,5,1,10,1,5,2,10,2
Item29=2,8,31,12,4,1,10,5,1,10,1,5,1,10,1,5,2,10,2
Item30=3,9,1,1,0,0,2,5,2,9,0,5,2,9,2,5,2,10,2
Item31=3,9,2,1,0,0,2,5,1,9,0,5,1,9,1,5,1,10,1
Item32=1,9,-1,0,1,2
Item33=1,10,1,0,1,2
Item34=2,10,16,2,2,1,0,1,2,0,0,0,0,0,0,0,0,0,0
Item35=2,10,19,8,1,4,0,4,5,0,0,0,0,0,0,0,0,0,0
Item36=3,11,1,1,1,0,1,5,2,10,0,0,0,0,0,0
Item37=3,11,2,1,1,0,1,5,1,10,0,0,0,0,0,0
Item38=1,12,2,2,1,1
Item39=2,12,1,4,2,9,10,1,1,0,0,2,3,0,1,2,3,0,2
Item40=2,12,7,12,1,4,10,3,1,0,0,2,3,0,1,2,3,0,2
Item41=3,12,20,1,1,0,1,5,1,1,0,100000,0,0,0,0
Item42=3,12,21,1,0,0,4,5,1,1,0,2,3,0,1,5,1,1,1
Item43=3,12,22,1,0,0,5,5,1,1,0,5,1,1,1,2,4,0,1
Item44=3,12,23,1,1,0,2,5,1,1,0,5,5,1,1,1
Item45=3,12,24,1,1,0,1,5,1,2,0,10,0,0,0,0
Item46=3,12,25,1,0,0,5,5,1,1,0,5,1,1,1,5,1,2,1
Item47=2,12,30,13,36,1,10,5,1,1,1,2,3,0,1,2,3,0,2
Item48=3,13,1,1,0,0,2,5,2,10,0,5,2,10,2,2,3,0,2
Item49=3,13,2,1,0,0,2,5,1,10,0,5,1,10,1,2,3,0,1
Item50=2,13,22,6,2,1,10,2,3,0,2,2,3,0,1,2,3,0,2
Item51=2,13,32,11,4,1,10,2,3,0,1,2,3,0,1,2,3,0,2
Item52=1,13,-2,2,1,1
Item53=2,14,1,8,1,4,10,4,1,77,0,5,1,10,1,5,2,10,2
Item54=2,14,22,6,2,1,10,5,2,10,2,5,1,10,1,5,2,10,2
Item55=2,14,31,12,4,1,10,5,1,10,1,5,1,10,1,5,2,10,2
Item56=3,15,1,1,0,0,2,5,2,9,0,5,2,9,2,5,2,10,2
Item57=3,15,2,1,0,0,2,5,1,9,0,5,1,9,1,5,1,10,1
Item58=1,15,-1,0,1,2
Item59=1,16,1,0,1,2
Item60=2,16,16,2,2,1,0,1,2,0,0,0,0,0,0,0,0,0,0
Item61=2,16,19,8,1,4,0,4,5,0,0,0,0,0,0,0,0,0,0
Item62=3,17,1,1,1,0,1,5,2,10,0,0,0,0,0,0
Item63=3,17,2,1,1,0,1,5,1,10,0,0,0,0,0,0
Item64=1,18,2,4,1,1
Item65=2,18,1,4,2,9,10,1,1,0,0,2,3,0,1,2,3,0,2
Item66=2,18,7,12,1,4,10,3,1,0,0,2,3,0,1,2,3,0,2
Item67=3,18,20,1,1,0,1,5,1,1,0,100000,0,0,0,0
Item68=3,18,21,1,0,0,4,5,1,1,0,2,3,0,1,5,1,1,1
Item69=3,18,22,1,0,0,5,5,1,1,0,5,1,1,1,2,4,0,1
Item70=3,18,23,1,1,0,2,5,1,1,0,5,5,1,1,1
Item71=3,18,24,1,1,0,1,5,1,2,0,10,0,0,0,0
Item72=3,18,25,1,0,0,5,5,1,1,0,5,1,1,1,5,1,2,1
Item73=2,18,30,13,36,1,10,5,1,1,1,2,3,0,1,2,3,0,2
Item74=3,19,1,1,0,0,2,5,2,10,0,5,2,10,2,2,3,0,2
Item75=3,19,2,1,0,0,2,5,1,10,0,5,1,10,1,2,3,0,1
Item76=2,19,22,6,2,1,10,2,3,0,2,2,3,0,1,2,3,0,2
Item77=2,19,32,11,4,1,10,2,3,0,1,2,3,0,1,2,3,0,2
Item78=1,19,-2,4,1,1
Item79=2,20,1,8,1,4,10,4,1,77,0,5,1,10,1,5,2,10,2
Item80=2,20,22,6,2,1,10,5,2,10,2,5,1,10,1,5,2,10,2
Item81=2,20,31,12,4,1,10,5,1,10,1,5,1,10,1,5,2,10,2
Item82=3,21,1,1,0,0,2,5,2,9,0,5,2,9,2,5,2,10,2
Item83=3,21,2,1,0,0,2,5,1,9,0,5,1,9,1,5,1,10,1
Item84=1,21,-1,0,1,2
Item85=1,22,1,0,1,2
Item86=2,22,16,2,2,1,0,1,2,0,0,0,0,0,0,0,0,0,0
Item87=2,22,19,8,1,4,0,4,5,0,0,0,0,0,0,0,0,0,0
Item88=3,23,1,1,1,0,1,5,2,10,0,0,0,0,0,0
Item89=3,23,2,1,1,0,1,5,1,10,0,0,0,0,0,0
Item90=1,24,2,8,1,1
Item91=2,24,1,4,2,9,10,1,1,0,0,2,3,0,1,2,3,0,2
Item92=2,24,7,12,1,4,10,3,1,0,0,2,3,0,1,2,3,0,2
Item93=3,24,20,1,1,0,1,5,1,1,0,100000,0,0,0,0
Item94=3,24,21,1,0,0,4,5,1,1,0,2,3,0,1,5,1,1,1
Item95=3,24,22,1,0,0,5,5,1,1,0,5,1,1,1,2,4,0,1
Item96=3,24,23,1,1,0,2,5,1,1,0,5,5,1,1,1
Item97=3,24,24,1,1,0,1,5,1,2,0,10,0,0,0,0
Item98=3,24,25,1,0,0,5,5,1,1,0,5,1,1,1,5,1,2,1
Item99=2,24,30,13,36,1,10,5,1,1,1,2,3,0,1,2,3,0,2
Item100=3,25,1,1,0,0,2,5,2,10,0,5,2,10,2,2,3,0,2
Item101=3,25,2,1,0,0,2,5,1,10,0,5,1,10,1,2,3,0,1
Item102=2,25,22,6,2,1,10,2,3,0,2,2,3,0,1,2,3,0,2
Item103=2,25,32,11,4,1,10,2,3,0,1,2,3,0,1,2,3,0,2
Item104=1,25,-2,8,1,1
Item105=2,26,1,8,1,4,10,4,1,77,0,5,1,10,1,5,2,10,2
Item106=2,26,22,6,2,1,10,5,2,10,2,5,1,10,1,5,2,10,2
Item107=2,26,31,12,4,1,10,5,1,10,1,5,1,10,1,5,2,10,2
Item108=3,27,1,1,0,0,2,5,2,9,0,5,2,9,2,5,2,10,2
Item109=3,27,2,1,0,0,2,5,1,9,0,5,1,9,1,5,1,10,1
Item110=1,27,-1,0,1,2
Item111=2,28,1,8,1,4,0,4,1,43,0,0,0,0,0,0,0,0,0
Item112=2,28,22,6,2,1,0,5,2,9,2,0,0,0,0,0,0,0,0
Item113=2,28,31,12,4,1,0,5,1,9,1,0,0,0,0,0,0,0,0
Item114=2,29,42,0,0,0,0,0,0,0,0,0,0,0,0,0,0,0,0
Key=2

[End of Day]
State=0
Address1=7,-1
Address2=6,-1
Address3=2,-1
Address4=1,-1
Address5=8,-1
Address6=10,-1
Address7=4,-1
Address8=9,-1
Address9=3,-1
Address10=11,-1

[Period to Day]
State=0
Address1=6,-1
Address2=2,-1
Address3=1,-1
Address4=8,-1
Address5=10,-1
Address6=4,-1
Address7=9,-1
Address8=3,-1
