[Header]
Version=330

[16 Characters Mnemonics]
Address1=
Address2=
Address3=
Address4=
Address5=
Address6=
Address7=
Address8=
Address9=
Address10=
Address11=
Address12=
Address13=
Address14=
Address15=
Address16=
Address17=
Address18=
Address19=
Address20=

[40 Characters Mnemonics]
Address1=
Address2=
Address3=
Address4=
Address5=
Address6=
Address7=
Address8=
Address9=
Address10=

[Report1]
File=1
Device=1
Title=
Item1=1,3,1,0,1,1
Item2=2,4,1,11,4,1,0,2,3,0,1,0,0,0,0,0,0,0,0
Item3=2,4,13,6,2,1,0,2,3,0,2,0,0,0,0,0,0,0,0
Item4=1,5,-1,0,1,1
Item5=2,8,21,0,0,0,0,0,0,0,0,0,0,0,0,0,0,0,0
Key=1

[Report2]
File=6
Device=3
Title=
Item1=2,2,1,12,4,1,0,2,6,1,1,0,0,0,0,0,0,0,0
Item2=2,5,42,0,0,0,0,0,0,0,0,0,0,0,0,0,0,0,0
Key=0

[Report3]
File=7
Device=3
Title=
Item1=1,2,1,0,1,1
Item2=2,3,1,2,2,1,0,1,1,0,0,0,0,0,0,0,0,0,0
Item3=1,4,-1,0,1,1
Item4=2,8,42,0,0,0,0,0,0,0,0,0,0,0,0,0,0,0,0
Key=0

[Report4]
File=6
Device=1
Title=
Item1=2,3,1,8,1,4,0,4,1,1,0,0,0,0,0,0,0,0,0
Item2=2,5,21,0,0,0,0,0,0,0,0,0,0,0,0,0,0,0,0
Key=0

[Report5]
File=3
Device=3
Title=
Item1=1,2,1,0,1,1
Item2=1,4,-1,0,1,1
Item3=2,8,42,0,0,0,0,0,0,0,0,0,0,0,0,0,0,0,0
Key=16

[Report6]
File=7
Device=5
Title=
Item1=1,2,1,0,1,1
Item2=2,3,1,2,2,1,0,1,1,0,0,0,0,0,0,0,0,0,0
Item3=1,4,-1,0,1,1
Item4=2,8,40,0,0,0,0,0,0,0,0,0,0,0,0,0,0,0,0
Key=0

[End of Day]
State=1
Address1=7,3
Address2=6,2
Address3=2,-1
Address4=1,1
Address5=8,0
Address6=10,0
Address7=4,0
Address8=9,0
Address9=3,5
Address10=11,0

[Period to Day]
State=1
Address1=6,2
Address2=2,0
Address3=1,1
Address4=8,-1
Address5=10,0
Address6=4,0
Address7=9,0
Address8=3,5
